<?xml version="1.0" encoding="UTF-8"?>
<!-- Generated by org.testng.reporters.JUnitReportReporter -->
<testsuite hostname="LAP28" name="com.xamplify.aop.LoggingAspect" tests="1" failures="0" timestamp="18 Jan 2019 12:31:00 GMT" time="0.016" errors="0">
  <testcase name="t" time="0.016" classname="com.xamplify.aop.LoggingAspect"/>
</testsuite> <!-- com.xamplify.aop.LoggingAspect -->
