<?xml version="1.0" encoding="UTF-8"?>
<!-- Generated by org.testng.reporters.JUnitReportReporter -->
<testsuite hostname="LAP28" name="com.xamplify.login.Login" tests="2" failures="0" timestamp="19 Sep 2019 06:53:04 GMT" time="31.972" errors="0">
  <testcase name="start" time="11.289" classname="com.xamplify.login.Login"/>
  <testcase name="login" time="20.683" classname="com.xamplify.login.Login"/>
</testsuite> <!-- com.xamplify.login.Login -->
