<?xml version="1.0" encoding="UTF-8"?>
<!-- Generated by org.testng.reporters.JUnitReportReporter -->
<testsuite hostname="LAP032" name="com.xamplify.login.ManageTemplates" tests="1" failures="0" timestamp="13 May 2019 12:43:48 GMT" time="264.905" errors="0">
  <testcase name="manage_template" time="264.905" classname="com.xamplify.login.ManageTemplates"/>
</testsuite> <!-- com.xamplify.login.ManageTemplates -->
