<?xml version="1.0" encoding="UTF-8"?>
<!-- Generated by org.testng.reporters.JUnitReportReporter -->
<testsuite hostname="LAP032" name="com.xamplify.login.Login" tests="2" failures="0" timestamp="6 Jun 2019 09:43:43 GMT" time="28.463" errors="0">
  <testcase name="start" time="13.027" classname="com.xamplify.login.Login"/>
  <testcase name="login" time="15.436" classname="com.xamplify.login.Login"/>
</testsuite> <!-- com.xamplify.login.Login -->
