<?xml version="1.0" encoding="UTF-8"?>
<!-- Generated by org.testng.reporters.JUnitReportReporter -->
<testsuite hostname="LAP043" name="com.xamplify.login.Login" tests="2" failures="0" timestamp="29 Jul 2020 12:05:34 GMT" time="35.231" errors="0">
  <testcase name="start" time="14.735" classname="com.xamplify.login.Login"/>
  <testcase name="login" time="20.496" classname="com.xamplify.login.Login"/>
</testsuite> <!-- com.xamplify.login.Login -->
