<?xml version="1.0" encoding="UTF-8"?>
<!-- Generated by org.testng.reporters.JUnitReportReporter -->
<testsuite hostname="LAP28" name="com.xamplify.login.LoginSocialMedia" tests="2" failures="0" timestamp="23 Jan 2019 12:08:40 GMT" time="27.071" errors="0">
  <testcase name="logincredentials" time="21.620" classname="com.xamplify.login.LoginSocialMedia"/>
  <testcase name="browser_opening" time="5.451" classname="com.xamplify.login.LoginSocialMedia"/>
</testsuite> <!-- com.xamplify.login.LoginSocialMedia -->
