<?xml version="1.0" encoding="UTF-8"?>
<!-- Generated by org.testng.reporters.JUnitReportReporter -->
<testsuite hostname="LAP043" name="com.xamplify.login.Login" tests="2" failures="0" timestamp="19 Oct 2020 13:19:09 GMT" time="56.027" errors="0">
  <testcase name="start" time="33.748" classname="com.xamplify.login.Login"/>
  <testcase name="login" time="22.279" classname="com.xamplify.login.Login"/>
</testsuite> <!-- com.xamplify.login.Login -->
