<?xml version="1.0" encoding="UTF-8"?>
<!-- Generated by org.testng.reporters.JUnitReportReporter -->
<testsuite hostname="LAP28" name="com.xamplify.login.Login" tests="2" failures="0" timestamp="6 Jun 2019 10:01:25 GMT" time="34.638" errors="0">
  <testcase name="start" time="14.047" classname="com.xamplify.login.Login"/>
  <testcase name="login" time="20.591" classname="com.xamplify.login.Login"/>
</testsuite> <!-- com.xamplify.login.Login -->
