<?xml version="1.0" encoding="UTF-8"?>
<!-- Generated by org.testng.reporters.JUnitReportReporter -->
<testsuite hostname="LAP28" name="com.xamplify.connection.DatabaseConnection" tests="1" failures="0" timestamp="18 Jan 2019 12:35:32 GMT" time="2.871" errors="0">
  <testcase name="tran" time="2.871" classname="com.xamplify.connection.DatabaseConnection"/>
</testsuite> <!-- com.xamplify.connection.DatabaseConnection -->
