<?xml version="1.0" encoding="UTF-8"?>
<!-- Generated by org.testng.reporters.JUnitReportReporter -->
<testsuite hostname="LAP032" name="com.xamplify.login.Login" tests="2" failures="0" timestamp="13 May 2019 12:43:48 GMT" time="29.259" errors="0">
  <testcase name="start" time="8.628" classname="com.xamplify.login.Login"/>
  <testcase name="login" time="20.631" classname="com.xamplify.login.Login"/>
</testsuite> <!-- com.xamplify.login.Login -->
